CRITICAL - 2020-11-26 23:13:51 --> Unable to connect to the database.
#0 /var/www/html/codeigniter/crudCode/vendor/codeigniter4/framework/system/Database/BaseConnection.php(646): CodeIgniter\Database\BaseConnection->initialize()
#1 /var/www/html/codeigniter/crudCode/vendor/codeigniter4/framework/system/Database/BaseConnection.php(1548): CodeIgniter\Database\BaseConnection->query('SHOW TABLES FRO...')
#2 /var/www/html/codeigniter/crudCode/vendor/codeigniter4/framework/system/Database/BaseConnection.php(1591): CodeIgniter\Database\BaseConnection->listTables()
#3 /var/www/html/codeigniter/crudCode/vendor/codeigniter4/framework/system/Database/MigrationRunner.php(945): CodeIgniter\Database\BaseConnection->tableExists('migrations')
#4 /var/www/html/codeigniter/crudCode/vendor/codeigniter4/framework/system/Database/MigrationRunner.php(193): CodeIgniter\Database\MigrationRunner->ensureTable()
#5 /var/www/html/codeigniter/crudCode/vendor/codeigniter4/framework/system/Commands/Database/Migrate.php(128): CodeIgniter\Database\MigrationRunner->latest(NULL)
#6 /var/www/html/codeigniter/crudCode/vendor/codeigniter4/framework/system/CLI/Commands.php(100): CodeIgniter\Commands\Database\Migrate->run(Array)
#7 /var/www/html/codeigniter/crudCode/vendor/codeigniter4/framework/system/CLI/CommandRunner.php(107): CodeIgniter\CLI\Commands->run('migrate', Array)
#8 /var/www/html/codeigniter/crudCode/vendor/codeigniter4/framework/system/CLI/CommandRunner.php(85): CodeIgniter\CLI\CommandRunner->index(Array)
#9 /var/www/html/codeigniter/crudCode/vendor/codeigniter4/framework/system/CodeIgniter.php(914): CodeIgniter\CLI\CommandRunner->_remap('index', 'migrate', 't_personas')
#10 /var/www/html/codeigniter/crudCode/vendor/codeigniter4/framework/system/CodeIgniter.php(404): CodeIgniter\CodeIgniter->runController(Object(CodeIgniter\CLI\CommandRunner))
#11 /var/www/html/codeigniter/crudCode/vendor/codeigniter4/framework/system/CodeIgniter.php(312): CodeIgniter\CodeIgniter->handleRequest(NULL, Object(Config\Cache), false)
#12 /var/www/html/codeigniter/crudCode/vendor/codeigniter4/framework/system/CLI/Console.php(86): CodeIgniter\CodeIgniter->run()
#13 /var/www/html/codeigniter/crudCode/spark(57): CodeIgniter\CLI\Console->run()
#14 {main}
CRITICAL - 2020-11-26 23:16:51 --> Unable to connect to the database.
#0 /var/www/html/codeigniter/crudCode/vendor/codeigniter4/framework/system/Database/BaseConnection.php(646): CodeIgniter\Database\BaseConnection->initialize()
#1 /var/www/html/codeigniter/crudCode/vendor/codeigniter4/framework/system/Database/BaseConnection.php(1548): CodeIgniter\Database\BaseConnection->query('SHOW TABLES FRO...')
#2 /var/www/html/codeigniter/crudCode/vendor/codeigniter4/framework/system/Database/BaseConnection.php(1591): CodeIgniter\Database\BaseConnection->listTables()
#3 /var/www/html/codeigniter/crudCode/vendor/codeigniter4/framework/system/Database/MigrationRunner.php(945): CodeIgniter\Database\BaseConnection->tableExists('migrations')
#4 /var/www/html/codeigniter/crudCode/vendor/codeigniter4/framework/system/Database/MigrationRunner.php(193): CodeIgniter\Database\MigrationRunner->ensureTable()
#5 /var/www/html/codeigniter/crudCode/vendor/codeigniter4/framework/system/Commands/Database/Migrate.php(128): CodeIgniter\Database\MigrationRunner->latest(NULL)
#6 /var/www/html/codeigniter/crudCode/vendor/codeigniter4/framework/system/CLI/Commands.php(100): CodeIgniter\Commands\Database\Migrate->run(Array)
#7 /var/www/html/codeigniter/crudCode/vendor/codeigniter4/framework/system/CLI/CommandRunner.php(107): CodeIgniter\CLI\Commands->run('migrate', Array)
#8 /var/www/html/codeigniter/crudCode/vendor/codeigniter4/framework/system/CLI/CommandRunner.php(85): CodeIgniter\CLI\CommandRunner->index(Array)
#9 /var/www/html/codeigniter/crudCode/vendor/codeigniter4/framework/system/CodeIgniter.php(914): CodeIgniter\CLI\CommandRunner->_remap('index', 'migrate', 't_personas')
#10 /var/www/html/codeigniter/crudCode/vendor/codeigniter4/framework/system/CodeIgniter.php(404): CodeIgniter\CodeIgniter->runController(Object(CodeIgniter\CLI\CommandRunner))
#11 /var/www/html/codeigniter/crudCode/vendor/codeigniter4/framework/system/CodeIgniter.php(312): CodeIgniter\CodeIgniter->handleRequest(NULL, Object(Config\Cache), false)
#12 /var/www/html/codeigniter/crudCode/vendor/codeigniter4/framework/system/CLI/Console.php(86): CodeIgniter\CodeIgniter->run()
#13 /var/www/html/codeigniter/crudCode/spark(57): CodeIgniter\CLI\Console->run()
#14 {main}
CRITICAL - 2020-11-26 23:17:59 --> Unable to connect to the database.
#0 /var/www/html/codeigniter/crudCode/vendor/codeigniter4/framework/system/Database/BaseConnection.php(646): CodeIgniter\Database\BaseConnection->initialize()
#1 /var/www/html/codeigniter/crudCode/vendor/codeigniter4/framework/system/Database/BaseConnection.php(1548): CodeIgniter\Database\BaseConnection->query('SHOW TABLES FRO...')
#2 /var/www/html/codeigniter/crudCode/vendor/codeigniter4/framework/system/Database/BaseConnection.php(1591): CodeIgniter\Database\BaseConnection->listTables()
#3 /var/www/html/codeigniter/crudCode/vendor/codeigniter4/framework/system/Database/MigrationRunner.php(945): CodeIgniter\Database\BaseConnection->tableExists('migrations')
#4 /var/www/html/codeigniter/crudCode/vendor/codeigniter4/framework/system/Database/MigrationRunner.php(193): CodeIgniter\Database\MigrationRunner->ensureTable()
#5 /var/www/html/codeigniter/crudCode/vendor/codeigniter4/framework/system/Commands/Database/Migrate.php(128): CodeIgniter\Database\MigrationRunner->latest(NULL)
#6 /var/www/html/codeigniter/crudCode/vendor/codeigniter4/framework/system/CLI/Commands.php(100): CodeIgniter\Commands\Database\Migrate->run(Array)
#7 /var/www/html/codeigniter/crudCode/vendor/codeigniter4/framework/system/CLI/CommandRunner.php(107): CodeIgniter\CLI\Commands->run('migrate', Array)
#8 /var/www/html/codeigniter/crudCode/vendor/codeigniter4/framework/system/CLI/CommandRunner.php(85): CodeIgniter\CLI\CommandRunner->index(Array)
#9 /var/www/html/codeigniter/crudCode/vendor/codeigniter4/framework/system/CodeIgniter.php(914): CodeIgniter\CLI\CommandRunner->_remap('index', 'migrate', 't_personas')
#10 /var/www/html/codeigniter/crudCode/vendor/codeigniter4/framework/system/CodeIgniter.php(404): CodeIgniter\CodeIgniter->runController(Object(CodeIgniter\CLI\CommandRunner))
#11 /var/www/html/codeigniter/crudCode/vendor/codeigniter4/framework/system/CodeIgniter.php(312): CodeIgniter\CodeIgniter->handleRequest(NULL, Object(Config\Cache), false)
#12 /var/www/html/codeigniter/crudCode/vendor/codeigniter4/framework/system/CLI/Console.php(86): CodeIgniter\CodeIgniter->run()
#13 /var/www/html/codeigniter/crudCode/spark(57): CodeIgniter\CLI\Console->run()
#14 {main}
CRITICAL - 2020-11-26 23:31:47 --> Unable to connect to the database.
#0 /var/www/html/codeigniter/crudCode/vendor/codeigniter4/framework/system/Database/BaseConnection.php(646): CodeIgniter\Database\BaseConnection->initialize()
#1 /var/www/html/codeigniter/crudCode/vendor/codeigniter4/framework/system/Database/BaseConnection.php(1548): CodeIgniter\Database\BaseConnection->query('SHOW TABLES FRO...')
#2 /var/www/html/codeigniter/crudCode/vendor/codeigniter4/framework/system/Database/BaseConnection.php(1591): CodeIgniter\Database\BaseConnection->listTables()
#3 /var/www/html/codeigniter/crudCode/vendor/codeigniter4/framework/system/Database/MigrationRunner.php(945): CodeIgniter\Database\BaseConnection->tableExists('migrations')
#4 /var/www/html/codeigniter/crudCode/vendor/codeigniter4/framework/system/Database/MigrationRunner.php(193): CodeIgniter\Database\MigrationRunner->ensureTable()
#5 /var/www/html/codeigniter/crudCode/vendor/codeigniter4/framework/system/Commands/Database/Migrate.php(128): CodeIgniter\Database\MigrationRunner->latest(NULL)
#6 /var/www/html/codeigniter/crudCode/vendor/codeigniter4/framework/system/CLI/Commands.php(100): CodeIgniter\Commands\Database\Migrate->run(Array)
#7 /var/www/html/codeigniter/crudCode/vendor/codeigniter4/framework/system/CLI/CommandRunner.php(107): CodeIgniter\CLI\Commands->run('migrate', Array)
#8 /var/www/html/codeigniter/crudCode/vendor/codeigniter4/framework/system/CLI/CommandRunner.php(85): CodeIgniter\CLI\CommandRunner->index(Array)
#9 /var/www/html/codeigniter/crudCode/vendor/codeigniter4/framework/system/CodeIgniter.php(914): CodeIgniter\CLI\CommandRunner->_remap('index', 'migrate', 't_personas')
#10 /var/www/html/codeigniter/crudCode/vendor/codeigniter4/framework/system/CodeIgniter.php(404): CodeIgniter\CodeIgniter->runController(Object(CodeIgniter\CLI\CommandRunner))
#11 /var/www/html/codeigniter/crudCode/vendor/codeigniter4/framework/system/CodeIgniter.php(312): CodeIgniter\CodeIgniter->handleRequest(NULL, Object(Config\Cache), false)
#12 /var/www/html/codeigniter/crudCode/vendor/codeigniter4/framework/system/CLI/Console.php(86): CodeIgniter\CodeIgniter->run()
#13 /var/www/html/codeigniter/crudCode/spark(57): CodeIgniter\CLI\Console->run()
#14 {main}
CRITICAL - 2020-11-26 23:47:32 --> Unable to connect to the database.
#0 /var/www/html/codeigniter/crudCode/vendor/codeigniter4/framework/system/Database/BaseConnection.php(646): CodeIgniter\Database\BaseConnection->initialize()
#1 /var/www/html/codeigniter/crudCode/vendor/codeigniter4/framework/system/Database/BaseConnection.php(1548): CodeIgniter\Database\BaseConnection->query('SHOW TABLES FRO...')
#2 /var/www/html/codeigniter/crudCode/vendor/codeigniter4/framework/system/Database/BaseConnection.php(1591): CodeIgniter\Database\BaseConnection->listTables()
#3 /var/www/html/codeigniter/crudCode/vendor/codeigniter4/framework/system/Database/MigrationRunner.php(945): CodeIgniter\Database\BaseConnection->tableExists('migrations')
#4 /var/www/html/codeigniter/crudCode/vendor/codeigniter4/framework/system/Database/MigrationRunner.php(193): CodeIgniter\Database\MigrationRunner->ensureTable()
#5 /var/www/html/codeigniter/crudCode/vendor/codeigniter4/framework/system/Commands/Database/Migrate.php(128): CodeIgniter\Database\MigrationRunner->latest(NULL)
#6 /var/www/html/codeigniter/crudCode/vendor/codeigniter4/framework/system/CLI/Commands.php(100): CodeIgniter\Commands\Database\Migrate->run(Array)
#7 /var/www/html/codeigniter/crudCode/vendor/codeigniter4/framework/system/CLI/CommandRunner.php(107): CodeIgniter\CLI\Commands->run('migrate', Array)
#8 /var/www/html/codeigniter/crudCode/vendor/codeigniter4/framework/system/CLI/CommandRunner.php(85): CodeIgniter\CLI\CommandRunner->index(Array)
#9 /var/www/html/codeigniter/crudCode/vendor/codeigniter4/framework/system/CodeIgniter.php(914): CodeIgniter\CLI\CommandRunner->_remap('index', 'migrate', 't_personas')
#10 /var/www/html/codeigniter/crudCode/vendor/codeigniter4/framework/system/CodeIgniter.php(404): CodeIgniter\CodeIgniter->runController(Object(CodeIgniter\CLI\CommandRunner))
#11 /var/www/html/codeigniter/crudCode/vendor/codeigniter4/framework/system/CodeIgniter.php(312): CodeIgniter\CodeIgniter->handleRequest(NULL, Object(Config\Cache), false)
#12 /var/www/html/codeigniter/crudCode/vendor/codeigniter4/framework/system/CLI/Console.php(86): CodeIgniter\CodeIgniter->run()
#13 /var/www/html/codeigniter/crudCode/spark(57): CodeIgniter\CLI\Console->run()
#14 {main}
