CRITICAL - 2020-11-27 00:18:13 --> Unable to connect to the database.
#0 /var/www/html/codeigniter/crudCode/vendor/codeigniter4/framework/system/Database/BaseConnection.php(646): CodeIgniter\Database\BaseConnection->initialize()
#1 /var/www/html/codeigniter/crudCode/app/Models/crudModel.php(7): CodeIgniter\Database\BaseConnection->query('SELECT *  FROM ...')
#2 /var/www/html/codeigniter/crudCode/app/Controllers/Crud.php(10): App\Models\crudModel->listarNombres()
#3 /var/www/html/codeigniter/crudCode/vendor/codeigniter4/framework/system/CodeIgniter.php(918): App\Controllers\Crud->index()
#4 /var/www/html/codeigniter/crudCode/vendor/codeigniter4/framework/system/CodeIgniter.php(404): CodeIgniter\CodeIgniter->runController(Object(App\Controllers\Crud))
#5 /var/www/html/codeigniter/crudCode/vendor/codeigniter4/framework/system/CodeIgniter.php(312): CodeIgniter\CodeIgniter->handleRequest(NULL, Object(Config\Cache), false)
#6 /var/www/html/codeigniter/crudCode/public/index.php(45): CodeIgniter\CodeIgniter->run()
#7 {main}
CRITICAL - 2020-11-27 15:11:31 --> Unable to connect to the database.
#0 /var/www/html/codeigniter/crudCode/vendor/codeigniter4/framework/system/Database/BaseConnection.php(646): CodeIgniter\Database\BaseConnection->initialize()
#1 /var/www/html/codeigniter/crudCode/app/Models/crudModel.php(7): CodeIgniter\Database\BaseConnection->query('SELECT *  FROM ...')
#2 /var/www/html/codeigniter/crudCode/app/Controllers/Crud.php(10): App\Models\crudModel->listarNombres()
#3 /var/www/html/codeigniter/crudCode/vendor/codeigniter4/framework/system/CodeIgniter.php(918): App\Controllers\Crud->index()
#4 /var/www/html/codeigniter/crudCode/vendor/codeigniter4/framework/system/CodeIgniter.php(404): CodeIgniter\CodeIgniter->runController(Object(App\Controllers\Crud))
#5 /var/www/html/codeigniter/crudCode/vendor/codeigniter4/framework/system/CodeIgniter.php(312): CodeIgniter\CodeIgniter->handleRequest(NULL, Object(Config\Cache), false)
#6 /var/www/html/codeigniter/crudCode/public/index.php(45): CodeIgniter\CodeIgniter->run()
#7 {main}
CRITICAL - 2020-11-27 15:15:23 --> Unable to connect to the database.
#0 /var/www/html/codeigniter/crudCode/vendor/codeigniter4/framework/system/Database/BaseConnection.php(646): CodeIgniter\Database\BaseConnection->initialize()
#1 /var/www/html/codeigniter/crudCode/vendor/codeigniter4/framework/system/Database/BaseConnection.php(1548): CodeIgniter\Database\BaseConnection->query('SHOW TABLES FRO...')
#2 /var/www/html/codeigniter/crudCode/vendor/codeigniter4/framework/system/Database/BaseConnection.php(1591): CodeIgniter\Database\BaseConnection->listTables()
#3 /var/www/html/codeigniter/crudCode/vendor/codeigniter4/framework/system/Database/MigrationRunner.php(945): CodeIgniter\Database\BaseConnection->tableExists('migrations')
#4 /var/www/html/codeigniter/crudCode/vendor/codeigniter4/framework/system/Database/MigrationRunner.php(278): CodeIgniter\Database\MigrationRunner->ensureTable()
#5 /var/www/html/codeigniter/crudCode/vendor/codeigniter4/framework/system/Commands/Database/MigrateRollback.php(133): CodeIgniter\Database\MigrationRunner->regress(0)
#6 /var/www/html/codeigniter/crudCode/vendor/codeigniter4/framework/system/CLI/Commands.php(100): CodeIgniter\Commands\Database\MigrateRollback->run(Array)
#7 /var/www/html/codeigniter/crudCode/vendor/codeigniter4/framework/system/CLI/BaseCommand.php(155): CodeIgniter\CLI\Commands->run('migrate:rollbac...', Array)
#8 /var/www/html/codeigniter/crudCode/vendor/codeigniter4/framework/system/Commands/Database/MigrateRefresh.php(123): CodeIgniter\CLI\BaseCommand->call('migrate:rollbac...', Array)
#9 /var/www/html/codeigniter/crudCode/vendor/codeigniter4/framework/system/CLI/Commands.php(100): CodeIgniter\Commands\Database\MigrateRefresh->run(Array)
#10 /var/www/html/codeigniter/crudCode/vendor/codeigniter4/framework/system/CLI/CommandRunner.php(107): CodeIgniter\CLI\Commands->run('migrate:refresh', Array)
#11 /var/www/html/codeigniter/crudCode/vendor/codeigniter4/framework/system/CLI/CommandRunner.php(85): CodeIgniter\CLI\CommandRunner->index(Array)
#12 /var/www/html/codeigniter/crudCode/vendor/codeigniter4/framework/system/CodeIgniter.php(914): CodeIgniter\CLI\CommandRunner->_remap('index', 'migrate:refresh', 't_personas')
#13 /var/www/html/codeigniter/crudCode/vendor/codeigniter4/framework/system/CodeIgniter.php(404): CodeIgniter\CodeIgniter->runController(Object(CodeIgniter\CLI\CommandRunner))
#14 /var/www/html/codeigniter/crudCode/vendor/codeigniter4/framework/system/CodeIgniter.php(312): CodeIgniter\CodeIgniter->handleRequest(NULL, Object(Config\Cache), false)
#15 /var/www/html/codeigniter/crudCode/vendor/codeigniter4/framework/system/CLI/Console.php(86): CodeIgniter\CodeIgniter->run()
#16 /var/www/html/codeigniter/crudCode/spark(57): CodeIgniter\CLI\Console->run()
#17 {main}
CRITICAL - 2020-11-27 15:18:13 --> Unable to connect to the database.
#0 /var/www/html/codeigniter/crudCode/vendor/codeigniter4/framework/system/Database/BaseConnection.php(646): CodeIgniter\Database\BaseConnection->initialize()
#1 /var/www/html/codeigniter/crudCode/vendor/codeigniter4/framework/system/Database/BaseConnection.php(1548): CodeIgniter\Database\BaseConnection->query('SHOW TABLES FRO...')
#2 /var/www/html/codeigniter/crudCode/vendor/codeigniter4/framework/system/Database/BaseConnection.php(1591): CodeIgniter\Database\BaseConnection->listTables()
#3 /var/www/html/codeigniter/crudCode/vendor/codeigniter4/framework/system/Database/MigrationRunner.php(945): CodeIgniter\Database\BaseConnection->tableExists('migrations')
#4 /var/www/html/codeigniter/crudCode/vendor/codeigniter4/framework/system/Database/MigrationRunner.php(278): CodeIgniter\Database\MigrationRunner->ensureTable()
#5 /var/www/html/codeigniter/crudCode/vendor/codeigniter4/framework/system/Commands/Database/MigrateRollback.php(133): CodeIgniter\Database\MigrationRunner->regress(0)
#6 /var/www/html/codeigniter/crudCode/vendor/codeigniter4/framework/system/CLI/Commands.php(100): CodeIgniter\Commands\Database\MigrateRollback->run(Array)
#7 /var/www/html/codeigniter/crudCode/vendor/codeigniter4/framework/system/CLI/BaseCommand.php(155): CodeIgniter\CLI\Commands->run('migrate:rollbac...', Array)
#8 /var/www/html/codeigniter/crudCode/vendor/codeigniter4/framework/system/Commands/Database/MigrateRefresh.php(123): CodeIgniter\CLI\BaseCommand->call('migrate:rollbac...', Array)
#9 /var/www/html/codeigniter/crudCode/vendor/codeigniter4/framework/system/CLI/Commands.php(100): CodeIgniter\Commands\Database\MigrateRefresh->run(Array)
#10 /var/www/html/codeigniter/crudCode/vendor/codeigniter4/framework/system/CLI/CommandRunner.php(107): CodeIgniter\CLI\Commands->run('migrate:refresh', Array)
#11 /var/www/html/codeigniter/crudCode/vendor/codeigniter4/framework/system/CLI/CommandRunner.php(85): CodeIgniter\CLI\CommandRunner->index(Array)
#12 /var/www/html/codeigniter/crudCode/vendor/codeigniter4/framework/system/CodeIgniter.php(914): CodeIgniter\CLI\CommandRunner->_remap('index', 'migrate:refresh')
#13 /var/www/html/codeigniter/crudCode/vendor/codeigniter4/framework/system/CodeIgniter.php(404): CodeIgniter\CodeIgniter->runController(Object(CodeIgniter\CLI\CommandRunner))
#14 /var/www/html/codeigniter/crudCode/vendor/codeigniter4/framework/system/CodeIgniter.php(312): CodeIgniter\CodeIgniter->handleRequest(NULL, Object(Config\Cache), false)
#15 /var/www/html/codeigniter/crudCode/vendor/codeigniter4/framework/system/CLI/Console.php(86): CodeIgniter\CodeIgniter->run()
#16 /var/www/html/codeigniter/crudCode/spark(57): CodeIgniter\CLI\Console->run()
#17 {main}
CRITICAL - 2020-11-27 22:40:14 --> Undefined variable: datos
#0 /var/www/html/codeigniter/crudCode/app/Views/listado.php(48): CodeIgniter\Debug\Exceptions->errorHandler(8, 'Undefined varia...', '/var/www/html/c...', 48, Array)
#1 /var/www/html/codeigniter/crudCode/vendor/codeigniter4/framework/system/View/View.php(246): include('/var/www/html/c...')
#2 /var/www/html/codeigniter/crudCode/vendor/codeigniter4/framework/system/Common.php(1119): CodeIgniter\View\View->render('listado', Array, true)
#3 /var/www/html/codeigniter/crudCode/app/Controllers/Crud.php(16): view('listado')
#4 /var/www/html/codeigniter/crudCode/vendor/codeigniter4/framework/system/CodeIgniter.php(918): App\Controllers\Crud->index()
#5 /var/www/html/codeigniter/crudCode/vendor/codeigniter4/framework/system/CodeIgniter.php(404): CodeIgniter\CodeIgniter->runController(Object(App\Controllers\Crud))
#6 /var/www/html/codeigniter/crudCode/vendor/codeigniter4/framework/system/CodeIgniter.php(312): CodeIgniter\CodeIgniter->handleRequest(NULL, Object(Config\Cache), false)
#7 /var/www/html/codeigniter/crudCode/public/index.php(45): CodeIgniter\CodeIgniter->run()
#8 {main}
